{
  "workflow_name": "WebSocket Self-Healing Validation",
  "workflow_url": "https://github.com/nandkishorrathodk-art/Ironcliw-ai/actions/runs/22535719041",
  "branch": "main",
  "commit_sha": "41b1fb3",
  "run_number": 9,
  "failed_count": 6,
  "fix_branch": "fix/ci/websocket-self-healing-validation-run9-20260301-041739",
  "pr_title": "\ud83d\udea8 Fix CI/CD: WebSocket Self-Healing Validation (Run #9)",
  "analyses": [
    {
      "error_patterns": [
        {
          "pattern": "ERROR|Error|error",
          "matches": [
            {
              "line_number": 32,
              "content": "2026-03-01T04:15:58.9743645Z   Getting requirements to build wheel: finished with status 'error'",
              "severity": "high",
              "emoji": "\u274c"
            },
            {
              "line_number": 33,
              "content": "2026-03-01T04:15:58.9792025Z   error: subprocess-exited-with-error",
              "severity": "high",
              "emoji": "\u274c"
            },
            {
              "line_number": 54,
              "content": "2026-03-01T04:15:58.9814162Z       ModuleNotFoundError: No module named 'pkg_resources'",
              "severity": "high",
              "emoji": "\u274c"
            },
            {
              "line_number": 57,
              "content": "2026-03-01T04:15:58.9815844Z   note: This error originates from a subprocess, and is likely not a problem with pip.",
              "severity": "high",
              "emoji": "\u274c"
            },
            {
              "line_number": 58,
              "content": "2026-03-01T04:15:58.9817205Z ERROR: Failed to build 'openai-whisper' when getting requirements to build wheel",
              "severity": "high",
              "emoji": "\u274c"
            },
            {
              "line_number": 59,
              "content": "2026-03-01T04:15:59.0885369Z ##[error]Process completed with exit code 1.",
              "severity": "high",
              "emoji": "\u274c"
            }
          ],
          "count": 6
        },
        {
          "pattern": "FAIL|Failed|failed",
          "matches": [
            {
              "line_number": 58,
              "content": "2026-03-01T04:15:58.9817205Z ERROR: Failed to build 'openai-whisper' when getting requirements to build wheel",
              "severity": "high",
              "emoji": "\ud83d\udca5"
            },
            {
              "line_number": 67,
              "content": "2026-03-01T04:15:59.0958442Z \u001b[36;1m  echo \"\u274c Some tests failed - review logs\" >> $GITHUB_STEP_SUMMARY\u001b[0m",
              "severity": "high",
              "emoji": "\ud83d\udca5"
            },
            {
              "line_number": 97,
              "content": "2026-03-01T04:15:59.2583312Z ##[warning]The process '/usr/bin/git' failed with exit code 128",
              "severity": "high",
              "emoji": "\ud83d\udca5"
            }
          ],
          "count": 3
        },
        {
          "pattern": "WARN|Warning|warning",
          "matches": [
            {
              "line_number": 97,
              "content": "2026-03-01T04:15:59.2583312Z ##[warning]The process '/usr/bin/git' failed with exit code 128",
              "severity": "medium",
              "emoji": "\u26a0\ufe0f"
            }
          ],
          "count": 1
        },
        {
          "pattern": "AssertionError|Exception",
          "matches": [
            {
              "line_number": 1,
              "content": "2026-03-01T04:15:56.0267123Z Successfully installed aiohappyeyeballs-2.6.1 aiohttp-3.13.3 aiosignal-1.4.0 async-timeout-5.0.1 attrs-25.4.0 backports-asyncio-runner-1.2.0 exceptiongroup-1.3.1 frozenlist-1.8.0 idna-3.11 iniconfig-2.3.0 multidict-6.7.1 packaging-26.0 pluggy-1.6.0 propcache-0.4.1 pygments-2.19.2 pytest-9.0.2 pytest-asyncio-1.3.0 tomli-2.4.0 typing-extensions-4.15.0 websocket-client-1.9.0 websockets-16.0 yarl-1.22.0",
              "severity": "high",
              "emoji": "\ud83d\udd34"
            }
          ],
          "count": 1
        },
        {
          "pattern": "timeout|timed out",
          "matches": [
            {
              "line_number": 1,
              "content": "2026-03-01T04:15:56.0267123Z Successfully installed aiohappyeyeballs-2.6.1 aiohttp-3.13.3 aiosignal-1.4.0 async-timeout-5.0.1 attrs-25.4.0 backports-asyncio-runner-1.2.0 exceptiongroup-1.3.1 frozenlist-1.8.0 idna-3.11 iniconfig-2.3.0 multidict-6.7.1 packaging-26.0 pluggy-1.6.0 propcache-0.4.1 pygments-2.19.2 pytest-9.0.2 pytest-asyncio-1.3.0 tomli-2.4.0 typing-extensions-4.15.0 websocket-client-1.9.0 websockets-16.0 yarl-1.22.0",
              "severity": "medium",
              "emoji": "\u23f1\ufe0f"
            }
          ],
          "count": 1
        }
      ],
      "suggested_fixes": [
        "Consider increasing timeout values or optimizing slow operations",
        "Review test cases and ensure code changes haven't broken existing functionality"
      ],
      "severity": "high",
      "category": "test_failure",
      "similar_failures": []
    },
    {
      "error_patterns": [
        {
          "pattern": "ERROR|Error|error",
          "matches": [
            {
              "line_number": 32,
              "content": "2026-03-01T04:16:07.1456381Z   Getting requirements to build wheel: finished with status 'error'",
              "severity": "high",
              "emoji": "\u274c"
            },
            {
              "line_number": 33,
              "content": "2026-03-01T04:16:07.1500499Z   error: subprocess-exited-with-error",
              "severity": "high",
              "emoji": "\u274c"
            },
            {
              "line_number": 54,
              "content": "2026-03-01T04:16:07.1519973Z       ModuleNotFoundError: No module named 'pkg_resources'",
              "severity": "high",
              "emoji": "\u274c"
            },
            {
              "line_number": 57,
              "content": "2026-03-01T04:16:07.1521136Z   note: This error originates from a subprocess, and is likely not a problem with pip.",
              "severity": "high",
              "emoji": "\u274c"
            },
            {
              "line_number": 58,
              "content": "2026-03-01T04:16:07.1522300Z ERROR: Failed to build 'openai-whisper' when getting requirements to build wheel",
              "severity": "high",
              "emoji": "\u274c"
            },
            {
              "line_number": 59,
              "content": "2026-03-01T04:16:07.2849307Z ##[error]Process completed with exit code 1.",
              "severity": "high",
              "emoji": "\u274c"
            }
          ],
          "count": 6
        },
        {
          "pattern": "FAIL|Failed|failed",
          "matches": [
            {
              "line_number": 58,
              "content": "2026-03-01T04:16:07.1522300Z ERROR: Failed to build 'openai-whisper' when getting requirements to build wheel",
              "severity": "high",
              "emoji": "\ud83d\udca5"
            },
            {
              "line_number": 67,
              "content": "2026-03-01T04:16:07.2917779Z \u001b[36;1m  echo \"\u274c Some tests failed - review logs\" >> $GITHUB_STEP_SUMMARY\u001b[0m",
              "severity": "high",
              "emoji": "\ud83d\udca5"
            },
            {
              "line_number": 97,
              "content": "2026-03-01T04:16:07.4454845Z ##[warning]The process '/usr/bin/git' failed with exit code 128",
              "severity": "high",
              "emoji": "\ud83d\udca5"
            }
          ],
          "count": 3
        },
        {
          "pattern": "WARN|Warning|warning",
          "matches": [
            {
              "line_number": 97,
              "content": "2026-03-01T04:16:07.4454845Z ##[warning]The process '/usr/bin/git' failed with exit code 128",
              "severity": "medium",
              "emoji": "\u26a0\ufe0f"
            }
          ],
          "count": 1
        },
        {
          "pattern": "AssertionError|Exception",
          "matches": [
            {
              "line_number": 1,
              "content": "2026-03-01T04:16:03.1213301Z Successfully installed aiohappyeyeballs-2.6.1 aiohttp-3.13.3 aiosignal-1.4.0 async-timeout-5.0.1 attrs-25.4.0 backports-asyncio-runner-1.2.0 exceptiongroup-1.3.1 frozenlist-1.8.0 idna-3.11 iniconfig-2.3.0 multidict-6.7.1 packaging-26.0 pluggy-1.6.0 propcache-0.4.1 pygments-2.19.2 pytest-9.0.2 pytest-asyncio-1.3.0 tomli-2.4.0 typing-extensions-4.15.0 websocket-client-1.9.0 websockets-16.0 yarl-1.22.0",
              "severity": "high",
              "emoji": "\ud83d\udd34"
            }
          ],
          "count": 1
        },
        {
          "pattern": "timeout|timed out",
          "matches": [
            {
              "line_number": 1,
              "content": "2026-03-01T04:16:03.1213301Z Successfully installed aiohappyeyeballs-2.6.1 aiohttp-3.13.3 aiosignal-1.4.0 async-timeout-5.0.1 attrs-25.4.0 backports-asyncio-runner-1.2.0 exceptiongroup-1.3.1 frozenlist-1.8.0 idna-3.11 iniconfig-2.3.0 multidict-6.7.1 packaging-26.0 pluggy-1.6.0 propcache-0.4.1 pygments-2.19.2 pytest-9.0.2 pytest-asyncio-1.3.0 tomli-2.4.0 typing-extensions-4.15.0 websocket-client-1.9.0 websockets-16.0 yarl-1.22.0",
              "severity": "medium",
              "emoji": "\u23f1\ufe0f"
            }
          ],
          "count": 1
        }
      ],
      "suggested_fixes": [
        "Consider increasing timeout values or optimizing slow operations",
        "Review test cases and ensure code changes haven't broken existing functionality"
      ],
      "severity": "high",
      "category": "test_failure",
      "similar_failures": []
    },
    {
      "error_patterns": [
        {
          "pattern": "ERROR|Error|error",
          "matches": [
            {
              "line_number": 32,
              "content": "2026-03-01T04:16:11.2166595Z   Getting requirements to build wheel: finished with status 'error'",
              "severity": "high",
              "emoji": "\u274c"
            },
            {
              "line_number": 33,
              "content": "2026-03-01T04:16:11.2214810Z   error: subprocess-exited-with-error",
              "severity": "high",
              "emoji": "\u274c"
            },
            {
              "line_number": 54,
              "content": "2026-03-01T04:16:11.2234809Z       ModuleNotFoundError: No module named 'pkg_resources'",
              "severity": "high",
              "emoji": "\u274c"
            },
            {
              "line_number": 57,
              "content": "2026-03-01T04:16:11.2235684Z   note: This error originates from a subprocess, and is likely not a problem with pip.",
              "severity": "high",
              "emoji": "\u274c"
            },
            {
              "line_number": 58,
              "content": "2026-03-01T04:16:11.2236330Z ERROR: Failed to build 'openai-whisper' when getting requirements to build wheel",
              "severity": "high",
              "emoji": "\u274c"
            },
            {
              "line_number": 59,
              "content": "2026-03-01T04:16:11.3645748Z ##[error]Process completed with exit code 1.",
              "severity": "high",
              "emoji": "\u274c"
            }
          ],
          "count": 6
        },
        {
          "pattern": "FAIL|Failed|failed",
          "matches": [
            {
              "line_number": 58,
              "content": "2026-03-01T04:16:11.2236330Z ERROR: Failed to build 'openai-whisper' when getting requirements to build wheel",
              "severity": "high",
              "emoji": "\ud83d\udca5"
            },
            {
              "line_number": 67,
              "content": "2026-03-01T04:16:11.3716843Z \u001b[36;1m  echo \"\u274c Some tests failed - review logs\" >> $GITHUB_STEP_SUMMARY\u001b[0m",
              "severity": "high",
              "emoji": "\ud83d\udca5"
            },
            {
              "line_number": 97,
              "content": "2026-03-01T04:16:11.5366817Z ##[warning]The process '/usr/bin/git' failed with exit code 128",
              "severity": "high",
              "emoji": "\ud83d\udca5"
            }
          ],
          "count": 3
        },
        {
          "pattern": "WARN|Warning|warning",
          "matches": [
            {
              "line_number": 97,
              "content": "2026-03-01T04:16:11.5366817Z ##[warning]The process '/usr/bin/git' failed with exit code 128",
              "severity": "medium",
              "emoji": "\u26a0\ufe0f"
            }
          ],
          "count": 1
        },
        {
          "pattern": "AssertionError|Exception",
          "matches": [
            {
              "line_number": 1,
              "content": "2026-03-01T04:16:07.2234206Z Successfully installed aiohappyeyeballs-2.6.1 aiohttp-3.13.3 aiosignal-1.4.0 async-timeout-5.0.1 attrs-25.4.0 backports-asyncio-runner-1.2.0 exceptiongroup-1.3.1 frozenlist-1.8.0 idna-3.11 iniconfig-2.3.0 multidict-6.7.1 packaging-26.0 pluggy-1.6.0 propcache-0.4.1 pygments-2.19.2 pytest-9.0.2 pytest-asyncio-1.3.0 tomli-2.4.0 typing-extensions-4.15.0 websocket-client-1.9.0 websockets-16.0 yarl-1.22.0",
              "severity": "high",
              "emoji": "\ud83d\udd34"
            }
          ],
          "count": 1
        },
        {
          "pattern": "timeout|timed out",
          "matches": [
            {
              "line_number": 1,
              "content": "2026-03-01T04:16:07.2234206Z Successfully installed aiohappyeyeballs-2.6.1 aiohttp-3.13.3 aiosignal-1.4.0 async-timeout-5.0.1 attrs-25.4.0 backports-asyncio-runner-1.2.0 exceptiongroup-1.3.1 frozenlist-1.8.0 idna-3.11 iniconfig-2.3.0 multidict-6.7.1 packaging-26.0 pluggy-1.6.0 propcache-0.4.1 pygments-2.19.2 pytest-9.0.2 pytest-asyncio-1.3.0 tomli-2.4.0 typing-extensions-4.15.0 websocket-client-1.9.0 websockets-16.0 yarl-1.22.0",
              "severity": "medium",
              "emoji": "\u23f1\ufe0f"
            }
          ],
          "count": 1
        }
      ],
      "suggested_fixes": [
        "Consider increasing timeout values or optimizing slow operations",
        "Review test cases and ensure code changes haven't broken existing functionality"
      ],
      "severity": "high",
      "category": "test_failure",
      "similar_failures": []
    },
    {
      "error_patterns": [
        {
          "pattern": "ERROR|Error|error",
          "matches": [
            {
              "line_number": 32,
              "content": "2026-03-01T04:16:03.9075043Z   Getting requirements to build wheel: finished with status 'error'",
              "severity": "high",
              "emoji": "\u274c"
            },
            {
              "line_number": 33,
              "content": "2026-03-01T04:16:03.9137422Z   error: subprocess-exited-with-error",
              "severity": "high",
              "emoji": "\u274c"
            },
            {
              "line_number": 54,
              "content": "2026-03-01T04:16:03.9154527Z       ModuleNotFoundError: No module named 'pkg_resources'",
              "severity": "high",
              "emoji": "\u274c"
            },
            {
              "line_number": 57,
              "content": "2026-03-01T04:16:03.9155987Z   note: This error originates from a subprocess, and is likely not a problem with pip.",
              "severity": "high",
              "emoji": "\u274c"
            },
            {
              "line_number": 58,
              "content": "2026-03-01T04:16:03.9157043Z ERROR: Failed to build 'openai-whisper' when getting requirements to build wheel",
              "severity": "high",
              "emoji": "\u274c"
            },
            {
              "line_number": 59,
              "content": "2026-03-01T04:16:04.0258435Z ##[error]Process completed with exit code 1.",
              "severity": "high",
              "emoji": "\u274c"
            }
          ],
          "count": 6
        },
        {
          "pattern": "FAIL|Failed|failed",
          "matches": [
            {
              "line_number": 58,
              "content": "2026-03-01T04:16:03.9157043Z ERROR: Failed to build 'openai-whisper' when getting requirements to build wheel",
              "severity": "high",
              "emoji": "\ud83d\udca5"
            },
            {
              "line_number": 67,
              "content": "2026-03-01T04:16:04.0331501Z \u001b[36;1m  echo \"\u274c Some tests failed - review logs\" >> $GITHUB_STEP_SUMMARY\u001b[0m",
              "severity": "high",
              "emoji": "\ud83d\udca5"
            },
            {
              "line_number": 97,
              "content": "2026-03-01T04:16:04.1950561Z ##[warning]The process '/usr/bin/git' failed with exit code 128",
              "severity": "high",
              "emoji": "\ud83d\udca5"
            }
          ],
          "count": 3
        },
        {
          "pattern": "WARN|Warning|warning",
          "matches": [
            {
              "line_number": 97,
              "content": "2026-03-01T04:16:04.1950561Z ##[warning]The process '/usr/bin/git' failed with exit code 128",
              "severity": "medium",
              "emoji": "\u26a0\ufe0f"
            }
          ],
          "count": 1
        },
        {
          "pattern": "AssertionError|Exception",
          "matches": [
            {
              "line_number": 1,
              "content": "2026-03-01T04:16:00.6079605Z Successfully installed aiohappyeyeballs-2.6.1 aiohttp-3.13.3 aiosignal-1.4.0 async-timeout-5.0.1 attrs-25.4.0 backports-asyncio-runner-1.2.0 exceptiongroup-1.3.1 frozenlist-1.8.0 idna-3.11 iniconfig-2.3.0 multidict-6.7.1 packaging-26.0 pluggy-1.6.0 propcache-0.4.1 pygments-2.19.2 pytest-9.0.2 pytest-asyncio-1.3.0 tomli-2.4.0 typing-extensions-4.15.0 websocket-client-1.9.0 websockets-16.0 yarl-1.22.0",
              "severity": "high",
              "emoji": "\ud83d\udd34"
            }
          ],
          "count": 1
        },
        {
          "pattern": "timeout|timed out",
          "matches": [
            {
              "line_number": 1,
              "content": "2026-03-01T04:16:00.6079605Z Successfully installed aiohappyeyeballs-2.6.1 aiohttp-3.13.3 aiosignal-1.4.0 async-timeout-5.0.1 attrs-25.4.0 backports-asyncio-runner-1.2.0 exceptiongroup-1.3.1 frozenlist-1.8.0 idna-3.11 iniconfig-2.3.0 multidict-6.7.1 packaging-26.0 pluggy-1.6.0 propcache-0.4.1 pygments-2.19.2 pytest-9.0.2 pytest-asyncio-1.3.0 tomli-2.4.0 typing-extensions-4.15.0 websocket-client-1.9.0 websockets-16.0 yarl-1.22.0",
              "severity": "medium",
              "emoji": "\u23f1\ufe0f"
            }
          ],
          "count": 1
        }
      ],
      "suggested_fixes": [
        "Consider increasing timeout values or optimizing slow operations",
        "Review test cases and ensure code changes haven't broken existing functionality"
      ],
      "severity": "high",
      "category": "test_failure",
      "similar_failures": []
    },
    {
      "error_patterns": [
        {
          "pattern": "ERROR|Error|error",
          "matches": [
            {
              "line_number": 32,
              "content": "2026-03-01T04:15:58.7963593Z   Getting requirements to build wheel: finished with status 'error'",
              "severity": "high",
              "emoji": "\u274c"
            },
            {
              "line_number": 33,
              "content": "2026-03-01T04:15:58.8011870Z   error: subprocess-exited-with-error",
              "severity": "high",
              "emoji": "\u274c"
            },
            {
              "line_number": 54,
              "content": "2026-03-01T04:15:58.8032926Z       ModuleNotFoundError: No module named 'pkg_resources'",
              "severity": "high",
              "emoji": "\u274c"
            },
            {
              "line_number": 57,
              "content": "2026-03-01T04:15:58.8034312Z   note: This error originates from a subprocess, and is likely not a problem with pip.",
              "severity": "high",
              "emoji": "\u274c"
            },
            {
              "line_number": 58,
              "content": "2026-03-01T04:15:58.8035352Z ERROR: Failed to build 'openai-whisper' when getting requirements to build wheel",
              "severity": "high",
              "emoji": "\u274c"
            },
            {
              "line_number": 59,
              "content": "2026-03-01T04:15:58.9127963Z ##[error]Process completed with exit code 1.",
              "severity": "high",
              "emoji": "\u274c"
            }
          ],
          "count": 6
        },
        {
          "pattern": "FAIL|Failed|failed",
          "matches": [
            {
              "line_number": 58,
              "content": "2026-03-01T04:15:58.8035352Z ERROR: Failed to build 'openai-whisper' when getting requirements to build wheel",
              "severity": "high",
              "emoji": "\ud83d\udca5"
            },
            {
              "line_number": 67,
              "content": "2026-03-01T04:15:58.9198168Z \u001b[36;1m  echo \"\u274c Some tests failed - review logs\" >> $GITHUB_STEP_SUMMARY\u001b[0m",
              "severity": "high",
              "emoji": "\ud83d\udca5"
            },
            {
              "line_number": 97,
              "content": "2026-03-01T04:15:59.0812714Z ##[warning]The process '/usr/bin/git' failed with exit code 128",
              "severity": "high",
              "emoji": "\ud83d\udca5"
            }
          ],
          "count": 3
        },
        {
          "pattern": "WARN|Warning|warning",
          "matches": [
            {
              "line_number": 97,
              "content": "2026-03-01T04:15:59.0812714Z ##[warning]The process '/usr/bin/git' failed with exit code 128",
              "severity": "medium",
              "emoji": "\u26a0\ufe0f"
            }
          ],
          "count": 1
        },
        {
          "pattern": "AssertionError|Exception",
          "matches": [
            {
              "line_number": 1,
              "content": "2026-03-01T04:15:55.4758764Z Successfully installed aiohappyeyeballs-2.6.1 aiohttp-3.13.3 aiosignal-1.4.0 async-timeout-5.0.1 attrs-25.4.0 backports-asyncio-runner-1.2.0 exceptiongroup-1.3.1 frozenlist-1.8.0 idna-3.11 iniconfig-2.3.0 multidict-6.7.1 packaging-26.0 pluggy-1.6.0 propcache-0.4.1 pygments-2.19.2 pytest-9.0.2 pytest-asyncio-1.3.0 tomli-2.4.0 typing-extensions-4.15.0 websocket-client-1.9.0 websockets-16.0 yarl-1.22.0",
              "severity": "high",
              "emoji": "\ud83d\udd34"
            }
          ],
          "count": 1
        },
        {
          "pattern": "timeout|timed out",
          "matches": [
            {
              "line_number": 1,
              "content": "2026-03-01T04:15:55.4758764Z Successfully installed aiohappyeyeballs-2.6.1 aiohttp-3.13.3 aiosignal-1.4.0 async-timeout-5.0.1 attrs-25.4.0 backports-asyncio-runner-1.2.0 exceptiongroup-1.3.1 frozenlist-1.8.0 idna-3.11 iniconfig-2.3.0 multidict-6.7.1 packaging-26.0 pluggy-1.6.0 propcache-0.4.1 pygments-2.19.2 pytest-9.0.2 pytest-asyncio-1.3.0 tomli-2.4.0 typing-extensions-4.15.0 websocket-client-1.9.0 websockets-16.0 yarl-1.22.0",
              "severity": "medium",
              "emoji": "\u23f1\ufe0f"
            }
          ],
          "count": 1
        }
      ],
      "suggested_fixes": [
        "Consider increasing timeout values or optimizing slow operations",
        "Review test cases and ensure code changes haven't broken existing functionality"
      ],
      "severity": "high",
      "category": "test_failure",
      "similar_failures": []
    },
    {
      "error_patterns": [
        {
          "pattern": "ERROR|Error|error",
          "matches": [
            {
              "line_number": 32,
              "content": "2026-03-01T04:16:01.5252653Z   Getting requirements to build wheel: finished with status 'error'",
              "severity": "high",
              "emoji": "\u274c"
            },
            {
              "line_number": 33,
              "content": "2026-03-01T04:16:01.5301828Z   error: subprocess-exited-with-error",
              "severity": "high",
              "emoji": "\u274c"
            },
            {
              "line_number": 54,
              "content": "2026-03-01T04:16:01.5325009Z       ModuleNotFoundError: No module named 'pkg_resources'",
              "severity": "high",
              "emoji": "\u274c"
            },
            {
              "line_number": 57,
              "content": "2026-03-01T04:16:01.5326418Z   note: This error originates from a subprocess, and is likely not a problem with pip.",
              "severity": "high",
              "emoji": "\u274c"
            },
            {
              "line_number": 58,
              "content": "2026-03-01T04:16:01.5327508Z ERROR: Failed to build 'openai-whisper' when getting requirements to build wheel",
              "severity": "high",
              "emoji": "\u274c"
            },
            {
              "line_number": 59,
              "content": "2026-03-01T04:16:01.6496758Z ##[error]Process completed with exit code 1.",
              "severity": "high",
              "emoji": "\u274c"
            }
          ],
          "count": 6
        },
        {
          "pattern": "FAIL|Failed|failed",
          "matches": [
            {
              "line_number": 58,
              "content": "2026-03-01T04:16:01.5327508Z ERROR: Failed to build 'openai-whisper' when getting requirements to build wheel",
              "severity": "high",
              "emoji": "\ud83d\udca5"
            },
            {
              "line_number": 67,
              "content": "2026-03-01T04:16:01.6569900Z \u001b[36;1m  echo \"\u274c Some tests failed - review logs\" >> $GITHUB_STEP_SUMMARY\u001b[0m",
              "severity": "high",
              "emoji": "\ud83d\udca5"
            },
            {
              "line_number": 97,
              "content": "2026-03-01T04:16:01.8197993Z ##[warning]The process '/usr/bin/git' failed with exit code 128",
              "severity": "high",
              "emoji": "\ud83d\udca5"
            }
          ],
          "count": 3
        },
        {
          "pattern": "WARN|Warning|warning",
          "matches": [
            {
              "line_number": 97,
              "content": "2026-03-01T04:16:01.8197993Z ##[warning]The process '/usr/bin/git' failed with exit code 128",
              "severity": "medium",
              "emoji": "\u26a0\ufe0f"
            }
          ],
          "count": 1
        },
        {
          "pattern": "AssertionError|Exception",
          "matches": [
            {
              "line_number": 1,
              "content": "2026-03-01T04:15:57.2922241Z Successfully installed aiohappyeyeballs-2.6.1 aiohttp-3.13.3 aiosignal-1.4.0 async-timeout-5.0.1 attrs-25.4.0 backports-asyncio-runner-1.2.0 exceptiongroup-1.3.1 frozenlist-1.8.0 idna-3.11 iniconfig-2.3.0 multidict-6.7.1 packaging-26.0 pluggy-1.6.0 propcache-0.4.1 pygments-2.19.2 pytest-9.0.2 pytest-asyncio-1.3.0 tomli-2.4.0 typing-extensions-4.15.0 websocket-client-1.9.0 websockets-16.0 yarl-1.22.0",
              "severity": "high",
              "emoji": "\ud83d\udd34"
            }
          ],
          "count": 1
        },
        {
          "pattern": "timeout|timed out",
          "matches": [
            {
              "line_number": 1,
              "content": "2026-03-01T04:15:57.2922241Z Successfully installed aiohappyeyeballs-2.6.1 aiohttp-3.13.3 aiosignal-1.4.0 async-timeout-5.0.1 attrs-25.4.0 backports-asyncio-runner-1.2.0 exceptiongroup-1.3.1 frozenlist-1.8.0 idna-3.11 iniconfig-2.3.0 multidict-6.7.1 packaging-26.0 pluggy-1.6.0 propcache-0.4.1 pygments-2.19.2 pytest-9.0.2 pytest-asyncio-1.3.0 tomli-2.4.0 typing-extensions-4.15.0 websocket-client-1.9.0 websockets-16.0 yarl-1.22.0",
              "severity": "medium",
              "emoji": "\u23f1\ufe0f"
            }
          ],
          "count": 1
        }
      ],
      "suggested_fixes": [
        "Consider increasing timeout values or optimizing slow operations",
        "Review test cases and ensure code changes haven't broken existing functionality"
      ],
      "severity": "high",
      "category": "test_failure",
      "similar_failures": []
    }
  ],
  "timestamp": "2026-03-01T04:17:39.934928"
}